
GPIO_Toggle.elf:     file format elf32-littleriscv
GPIO_Toggle.elf
architecture: riscv:rv32, flags 0x00000112:
EXEC_P, HAS_SYMS, D_PAGED
start address 0x00000000

Program Header:
    LOAD off    0x00001000 vaddr 0x00000000 paddr 0x00000000 align 2**12
         filesz 0x00000d4c memsz 0x00000d4c flags r-x
    LOAD off    0x00002000 vaddr 0x20000000 paddr 0x00000d4c align 2**12
         filesz 0x00000028 memsz 0x00000030 flags rw-
    LOAD off    0x00002700 vaddr 0x20000700 paddr 0x20000700 align 2**12
         filesz 0x00000000 memsz 0x00000100 flags rw-

Sections:
Idx Name          Size      VMA       LMA       File off  Algn
  0 .init         000000a0  00000000  00000000  00001000  2**2
                  CONTENTS, ALLOC, LOAD, READONLY, CODE
  1 .text         00000cac  000000a0  000000a0  000010a0  2**2
                  CONTENTS, ALLOC, LOAD, READONLY, CODE
  2 .fini         00000000  00000d4c  00000d4c  00002028  2**0
                  CONTENTS, ALLOC, LOAD, CODE
  3 .dalign       00000000  20000000  20000000  00002028  2**0
                  CONTENTS
  4 .dlalign      00000000  00000d4c  00000d4c  00002028  2**0
                  CONTENTS
  5 .data         00000028  20000000  00000d4c  00002000  2**2
                  CONTENTS, ALLOC, LOAD, DATA
  6 .bss          00000008  20000028  00000d74  00002028  2**2
                  ALLOC
  7 .stack        00000100  20000700  20000700  00002700  2**0
                  ALLOC
  8 .debug_info   000071ee  00000000  00000000  00002028  2**0
                  CONTENTS, READONLY, DEBUGGING
  9 .debug_abbrev 0000169c  00000000  00000000  00009216  2**0
                  CONTENTS, READONLY, DEBUGGING
 10 .debug_aranges 00000388  00000000  00000000  0000a8b8  2**3
                  CONTENTS, READONLY, DEBUGGING
 11 .debug_ranges 00000350  00000000  00000000  0000ac40  2**3
                  CONTENTS, READONLY, DEBUGGING
 12 .debug_line   000043a8  00000000  00000000  0000af90  2**0
                  CONTENTS, READONLY, DEBUGGING
 13 .debug_str    00001607  00000000  00000000  0000f338  2**0
                  CONTENTS, READONLY, DEBUGGING
 14 .comment      00000033  00000000  00000000  0001093f  2**0
                  CONTENTS, READONLY
 15 .debug_frame  000006ac  00000000  00000000  00010974  2**2
                  CONTENTS, READONLY, DEBUGGING
 16 .debug_loc    00001601  00000000  00000000  00011020  2**0
                  CONTENTS, READONLY, DEBUGGING
SYMBOL TABLE:
00000000 l    d  .init	00000000 .init
000000a0 l    d  .text	00000000 .text
00000d4c l    d  .fini	00000000 .fini
20000000 l    d  .dalign	00000000 .dalign
00000d4c l    d  .dlalign	00000000 .dlalign
20000000 l    d  .data	00000000 .data
20000028 l    d  .bss	00000000 .bss
20000700 l    d  .stack	00000000 .stack
00000000 l    d  .debug_info	00000000 .debug_info
00000000 l    d  .debug_abbrev	00000000 .debug_abbrev
00000000 l    d  .debug_aranges	00000000 .debug_aranges
00000000 l    d  .debug_ranges	00000000 .debug_ranges
00000000 l    d  .debug_line	00000000 .debug_line
00000000 l    d  .debug_str	00000000 .debug_str
00000000 l    d  .comment	00000000 .comment
00000000 l    d  .debug_frame	00000000 .debug_frame
00000000 l    d  .debug_loc	00000000 .debug_loc
00000000 l    df *ABS*	00000000 ch32v00x_it.c
00000000 l    df *ABS*	00000000 main.c
00000000 l    df *ABS*	00000000 system_ch32v00x.c
00000000 l    df *ABS*	00000000 ch32v00x_gpio.c
00000000 l    df *ABS*	00000000 ch32v00x_misc.c
00000000 l    df *ABS*	00000000 ch32v00x_rcc.c
20000004 l     O .data	00000014 ADCPrescTable
20000018 l     O .data	00000010 APBAHBPrescTable
00000000 l    df *ABS*	00000000 ch32v00x_usart.c
00000000 l    df *ABS*	00000000 debug.c
2000002c l     O .bss	00000002 p_ms
2000002e l     O .bss	00000001 p_us
00000000 l    df *ABS*	00000000 wchprintf.c
00000962  w    F .text	00000004 printDouble
00000966  w    F .text	00000352 print
00000cb8  w    F .text	00000022 printf
20000828 g       .data	00000000 __global_pointer$
00000306  w      .text	00000000 TIM1_CC_IRQHandler
0000014e g     F .text	00000002 HardFault_Handler
00000850  w    F .text	0000010e printInt
000002d8  w      .text	00000000 SysTick_Handler
000002de  w      .text	00000000 PVD_IRQHandler
0000014a g     F .text	00000004 NMI_Handler
0000060a g     F .text	0000000a USART_GetFlagStatus
20000028 g       .bss	00000000 _sbss
00000100 g       *ABS*	00000000 __stack_size
00000686 g     F .text	00000052 USART_Printf_Init
000000aa g     F .text	0000000a .hidden __riscv_restore_2
0000095e  w    F .text	00000004 printLongLongInt
00000cda g     F .text	00000046 puts
20000000 g     O .data	00000004 SystemCoreClock
000000d4 g     F .text	0000002c .hidden __udivsi3
000000a0 g       .init	00000000 _einit
0000050e g     F .text	0000001e RCC_APB2PeriphClockCmd
0000038e g     F .text	000000d6 GPIO_Init
20000028 g     O .bss	00000004 NVIC_Priority_Group
000002fe  w      .text	00000000 SPI1_IRQHandler
000005ec g     F .text	00000016 USART_Cmd
000000a0 g     F .text	0000000a .hidden __riscv_save_1
000000aa g     F .text	0000000a .hidden __riscv_restore_0
000002e6  w      .text	00000000 AWU_IRQHandler
000002e4  w      .text	00000000 EXTI7_0_IRQHandler
20000700 g       .stack	00000000 _heap_end
000002ee  w      .text	00000000 DMA1_Channel4_IRQHandler
000002f6  w      .text	00000000 ADC1_IRQHandler
20000030 g       .bss	00000000 _ebss
000002f4  w      .text	00000000 DMA1_Channel7_IRQHandler
00000614 g     F .text	00000038 Delay_Init
00000464 g     F .text	0000000a GPIO_WriteBit
00000100 g     F .text	00000008 .hidden __umodsi3
000002f8  w      .text	00000000 I2C1_EV_IRQHandler
00000150 g     F .text	00000030 GPIO_Toggle_INIT
00000478 g     F .text	00000096 RCC_GetClocksFreq
000002f2  w      .text	00000000 DMA1_Channel6_IRQHandler
0000052c g     F .text	000000c0 USART_Init
000002e2  w      .text	00000000 RCC_IRQHandler
00000304  w      .text	00000000 TIM1_TRG_COM_IRQHandler
000002e8  w      .text	00000000 DMA1_Channel1_IRQHandler
00000000 g       .init	00000000 _start
0000076a  w    F .text	000000e6 prints
000000b4 g     F .text	00000014 .hidden __mulsi3
20000000 g       .dalign	00000000 _data_vma
00000180 g     F .text	00000056 main
000002f0  w      .text	00000000 DMA1_Channel5_IRQHandler
000000cc g     F .text	00000058 .hidden __divsi3
0000064c g     F .text	0000003a Delay_Ms
000001d6 g     F .text	000000fe SystemInit
00000722  w    F .text	00000048 printchar
00000000 g       .init	00000000 _sinit
000002ec  w      .text	00000000 DMA1_Channel3_IRQHandler
00000302  w      .text	00000000 TIM1_UP_IRQHandler
000002dc  w      .text	00000000 WWDG_IRQHandler
00000308  w      .text	00000000 TIM2_IRQHandler
20000800 g       .stack	00000000 _eusrstack
000000a0 g     F .text	0000000a .hidden __riscv_save_2
000002da  w      .text	00000000 SW_Handler
00000300  w      .text	00000000 TIM1_BRK_IRQHandler
00000602 g     F .text	00000008 USART_SendData
000006d8 g     F .text	0000004a _write
20000028 g       .data	00000000 _edata
20000030 g       .bss	00000000 _end
00000d4c g       .dlalign	00000000 _data_lma
00000124 g     F .text	00000024 .hidden __modsi3
000002ea  w      .text	00000000 DMA1_Channel2_IRQHandler
0000030a  w      .text	00000000 handle_reset
000002e0  w      .text	00000000 FLASH_IRQHandler
000000a0 g     F .text	0000000a .hidden __riscv_save_0
000002fc  w      .text	00000000 USART1_IRQHandler
000002fa  w      .text	00000000 I2C1_ER_IRQHandler
0000046e g     F .text	0000000a NVIC_PriorityGroupConfig
000000aa g     F .text	0000000a .hidden __riscv_restore_1



Disassembly of section .init:

00000000 <_sinit>:
   0:	30a0006f          	j	30a <handle_reset>
   4:	0000                	unimp
   6:	0000                	unimp
   8:	014a                	slli	sp,sp,0x12
   a:	0000                	unimp
   c:	014e                	slli	sp,sp,0x13
	...
  2e:	0000                	unimp
  30:	02d8                	addi	a4,sp,324
  32:	0000                	unimp
  34:	0000                	unimp
  36:	0000                	unimp
  38:	02da                	slli	t0,t0,0x16
  3a:	0000                	unimp
  3c:	0000                	unimp
  3e:	0000                	unimp
  40:	02dc                	addi	a5,sp,324
  42:	0000                	unimp
  44:	02de                	slli	t0,t0,0x17
  46:	0000                	unimp
  48:	02e0                	addi	s0,sp,332
  4a:	0000                	unimp
  4c:	02e2                	slli	t0,t0,0x18
  4e:	0000                	unimp
  50:	02e4                	addi	s1,sp,332
  52:	0000                	unimp
  54:	02e6                	slli	t0,t0,0x19
  56:	0000                	unimp
  58:	02e8                	addi	a0,sp,332
  5a:	0000                	unimp
  5c:	02ea                	slli	t0,t0,0x1a
  5e:	0000                	unimp
  60:	02ec                	addi	a1,sp,332
  62:	0000                	unimp
  64:	02ee                	slli	t0,t0,0x1b
  66:	0000                	unimp
  68:	02f0                	addi	a2,sp,332
  6a:	0000                	unimp
  6c:	02f2                	slli	t0,t0,0x1c
  6e:	0000                	unimp
  70:	02f4                	addi	a3,sp,332
  72:	0000                	unimp
  74:	02f6                	slli	t0,t0,0x1d
  76:	0000                	unimp
  78:	02f8                	addi	a4,sp,332
  7a:	0000                	unimp
  7c:	02fa                	slli	t0,t0,0x1e
  7e:	0000                	unimp
  80:	02fc                	addi	a5,sp,332
  82:	0000                	unimp
  84:	02fe                	slli	t0,t0,0x1f
  86:	0000                	unimp
  88:	0300                	addi	s0,sp,384
  8a:	0000                	unimp
  8c:	0302                	c.slli64	t1
  8e:	0000                	unimp
  90:	0304                	addi	s1,sp,384
  92:	0000                	unimp
  94:	0306                	slli	t1,t1,0x1
  96:	0000                	unimp
  98:	0308                	addi	a0,sp,384
  9a:	0000                	unimp
  9c:	0000                	unimp
	...

Disassembly of section .text:

000000a0 <__riscv_save_0>:
  a0:	1151                	addi	sp,sp,-12
  a2:	c026                	sw	s1,0(sp)
  a4:	c222                	sw	s0,4(sp)
  a6:	c406                	sw	ra,8(sp)
  a8:	8282                	jr	t0

000000aa <__riscv_restore_0>:
  aa:	4482                	lw	s1,0(sp)
  ac:	4412                	lw	s0,4(sp)
  ae:	40a2                	lw	ra,8(sp)
  b0:	0131                	addi	sp,sp,12
  b2:	8082                	ret

000000b4 <__mulsi3>:
  b4:	862a                	mv	a2,a0
  b6:	4501                	li	a0,0
  b8:	0015f693          	andi	a3,a1,1
  bc:	c291                	beqz	a3,c0 <__mulsi3+0xc>
  be:	9532                	add	a0,a0,a2
  c0:	8185                	srli	a1,a1,0x1
  c2:	0606                	slli	a2,a2,0x1
  c4:	f9f5                	bnez	a1,b8 <__mulsi3+0x4>
  c6:	8082                	ret
  c8:	0000                	unimp
	...

000000cc <__divsi3>:
  cc:	02054e63          	bltz	a0,108 <__umodsi3+0x8>
  d0:	0405c363          	bltz	a1,116 <__umodsi3+0x16>

000000d4 <__udivsi3>:
  d4:	862e                	mv	a2,a1
  d6:	85aa                	mv	a1,a0
  d8:	557d                	li	a0,-1
  da:	c215                	beqz	a2,fe <__udivsi3+0x2a>
  dc:	4685                	li	a3,1
  de:	00b67863          	bgeu	a2,a1,ee <__udivsi3+0x1a>
  e2:	00c05663          	blez	a2,ee <__udivsi3+0x1a>
  e6:	0606                	slli	a2,a2,0x1
  e8:	0686                	slli	a3,a3,0x1
  ea:	feb66ce3          	bltu	a2,a1,e2 <__udivsi3+0xe>
  ee:	4501                	li	a0,0
  f0:	00c5e463          	bltu	a1,a2,f8 <__udivsi3+0x24>
  f4:	8d91                	sub	a1,a1,a2
  f6:	8d55                	or	a0,a0,a3
  f8:	8285                	srli	a3,a3,0x1
  fa:	8205                	srli	a2,a2,0x1
  fc:	faf5                	bnez	a3,f0 <__udivsi3+0x1c>
  fe:	8082                	ret

00000100 <__umodsi3>:
 100:	8286                	mv	t0,ra
 102:	3fc9                	jal	d4 <__udivsi3>
 104:	852e                	mv	a0,a1
 106:	8282                	jr	t0
 108:	40a00533          	neg	a0,a0
 10c:	0005d763          	bgez	a1,11a <__umodsi3+0x1a>
 110:	40b005b3          	neg	a1,a1
 114:	b7c1                	j	d4 <__udivsi3>
 116:	40b005b3          	neg	a1,a1
 11a:	8286                	mv	t0,ra
 11c:	3f65                	jal	d4 <__udivsi3>
 11e:	40a00533          	neg	a0,a0
 122:	8282                	jr	t0

00000124 <__modsi3>:
 124:	8286                	mv	t0,ra
 126:	0005c763          	bltz	a1,134 <__modsi3+0x10>
 12a:	00054963          	bltz	a0,13c <__modsi3+0x18>
 12e:	375d                	jal	d4 <__udivsi3>
 130:	852e                	mv	a0,a1
 132:	8282                	jr	t0
 134:	40b005b3          	neg	a1,a1
 138:	fe055be3          	bgez	a0,12e <__modsi3+0xa>
 13c:	40a00533          	neg	a0,a0
 140:	3f51                	jal	d4 <__udivsi3>
 142:	40b00533          	neg	a0,a1
 146:	8282                	jr	t0
	...

0000014a <NMI_Handler>:
 14a:	30200073          	mret

0000014e <HardFault_Handler>:
 14e:	a001                	j	14e <HardFault_Handler>

00000150 <GPIO_Toggle_INIT>:
 150:	f51ff2ef          	jal	t0,a0 <__riscv_save_0>
 154:	1151                	addi	sp,sp,-12
 156:	4585                	li	a1,1
 158:	02000513          	li	a0,32
 15c:	c002                	sw	zero,0(sp)
 15e:	c202                	sw	zero,4(sp)
 160:	c402                	sw	zero,8(sp)
 162:	2675                	jal	50e <RCC_APB2PeriphClockCmd>
 164:	4785                	li	a5,1
 166:	807c                	sh	a5,0(sp)
 168:	40011537          	lui	a0,0x40011
 16c:	47c1                	li	a5,16
 16e:	c43e                	sw	a5,8(sp)
 170:	858a                	mv	a1,sp
 172:	478d                	li	a5,3
 174:	40050513          	addi	a0,a0,1024 # 40011400 <__global_pointer$+0x20010bd8>
 178:	c23e                	sw	a5,4(sp)
 17a:	2c11                	jal	38e <GPIO_Init>
 17c:	0131                	addi	sp,sp,12
 17e:	b735                	j	aa <__riscv_restore_0>

00000180 <main>:
 180:	f21ff2ef          	jal	t0,a0 <__riscv_save_0>
 184:	4509                	li	a0,2
 186:	24e5                	jal	46e <NVIC_PriorityGroupConfig>
 188:	2171                	jal	614 <Delay_Init>
 18a:	6571                	lui	a0,0x1c
 18c:	20050513          	addi	a0,a0,512 # 1c200 <_data_lma+0x1b4b4>
 190:	29dd                	jal	686 <USART_Printf_Init>
 192:	200007b7          	lui	a5,0x20000
 196:	0007a583          	lw	a1,0(a5) # 20000000 <_data_vma>
 19a:	00001537          	lui	a0,0x1
 19e:	d2050513          	addi	a0,a0,-736 # d20 <puts+0x46>
 1a2:	317000ef          	jal	ra,cb8 <printf>
 1a6:	00001537          	lui	a0,0x1
 1aa:	d3050513          	addi	a0,a0,-720 # d30 <puts+0x56>
 1ae:	32d000ef          	jal	ra,cda <puts>
 1b2:	3f79                	jal	150 <GPIO_Toggle_INIT>
 1b4:	4401                	li	s0,0
 1b6:	0fa00513          	li	a0,250
 1ba:	2949                	jal	64c <Delay_Ms>
 1bc:	c811                	beqz	s0,1d0 <main+0x50>
 1be:	4601                	li	a2,0
 1c0:	4401                	li	s0,0
 1c2:	40011537          	lui	a0,0x40011
 1c6:	4585                	li	a1,1
 1c8:	40050513          	addi	a0,a0,1024 # 40011400 <__global_pointer$+0x20010bd8>
 1cc:	2c61                	jal	464 <GPIO_WriteBit>
 1ce:	b7e5                	j	1b6 <main+0x36>
 1d0:	4605                	li	a2,1
 1d2:	4405                	li	s0,1
 1d4:	b7fd                	j	1c2 <main+0x42>

000001d6 <SystemInit>:
 1d6:	400217b7          	lui	a5,0x40021
 1da:	4398                	lw	a4,0(a5)
 1dc:	fcff06b7          	lui	a3,0xfcff0
 1e0:	1161                	addi	sp,sp,-8
 1e2:	00176713          	ori	a4,a4,1
 1e6:	c398                	sw	a4,0(a5)
 1e8:	43d8                	lw	a4,4(a5)
 1ea:	6621                	lui	a2,0x8
 1ec:	8f75                	and	a4,a4,a3
 1ee:	c3d8                	sw	a4,4(a5)
 1f0:	4398                	lw	a4,0(a5)
 1f2:	fef706b7          	lui	a3,0xfef70
 1f6:	16fd                	addi	a3,a3,-1
 1f8:	8f75                	and	a4,a4,a3
 1fa:	c398                	sw	a4,0(a5)
 1fc:	4398                	lw	a4,0(a5)
 1fe:	fffc06b7          	lui	a3,0xfffc0
 202:	16fd                	addi	a3,a3,-1
 204:	8f75                	and	a4,a4,a3
 206:	c398                	sw	a4,0(a5)
 208:	43d8                	lw	a4,4(a5)
 20a:	76c1                	lui	a3,0xffff0
 20c:	16fd                	addi	a3,a3,-1
 20e:	8f75                	and	a4,a4,a3
 210:	c3d8                	sw	a4,4(a5)
 212:	009f0737          	lui	a4,0x9f0
 216:	c798                	sw	a4,8(a5)
 218:	c002                	sw	zero,0(sp)
 21a:	c202                	sw	zero,4(sp)
 21c:	4f98                	lw	a4,24(a5)
 21e:	400106b7          	lui	a3,0x40010
 222:	00176713          	ori	a4,a4,1
 226:	cf98                	sw	a4,24(a5)
 228:	42d8                	lw	a4,4(a3)
 22a:	8f51                	or	a4,a4,a2
 22c:	c2d8                	sw	a4,4(a3)
 22e:	4398                	lw	a4,0(a5)
 230:	66c1                	lui	a3,0x10
 232:	00020637          	lui	a2,0x20
 236:	8f55                	or	a4,a4,a3
 238:	c398                	sw	a4,0(a5)
 23a:	400216b7          	lui	a3,0x40021
 23e:	6709                	lui	a4,0x2
 240:	429c                	lw	a5,0(a3)
 242:	8ff1                	and	a5,a5,a2
 244:	c23e                	sw	a5,4(sp)
 246:	4782                	lw	a5,0(sp)
 248:	0785                	addi	a5,a5,1
 24a:	c03e                	sw	a5,0(sp)
 24c:	4792                	lw	a5,4(sp)
 24e:	e781                	bnez	a5,256 <SystemInit+0x80>
 250:	4782                	lw	a5,0(sp)
 252:	fee797e3          	bne	a5,a4,240 <SystemInit+0x6a>
 256:	400217b7          	lui	a5,0x40021
 25a:	439c                	lw	a5,0(a5)
 25c:	00e79713          	slli	a4,a5,0xe
 260:	06075863          	bgez	a4,2d0 <SystemInit+0xfa>
 264:	4785                	li	a5,1
 266:	c23e                	sw	a5,4(sp)
 268:	4712                	lw	a4,4(sp)
 26a:	4785                	li	a5,1
 26c:	06f71063          	bne	a4,a5,2cc <SystemInit+0xf6>
 270:	400227b7          	lui	a5,0x40022
 274:	4398                	lw	a4,0(a5)
 276:	76c1                	lui	a3,0xffff0
 278:	16fd                	addi	a3,a3,-1
 27a:	9b71                	andi	a4,a4,-4
 27c:	c398                	sw	a4,0(a5)
 27e:	4398                	lw	a4,0(a5)
 280:	00176713          	ori	a4,a4,1
 284:	c398                	sw	a4,0(a5)
 286:	400217b7          	lui	a5,0x40021
 28a:	43d8                	lw	a4,4(a5)
 28c:	c3d8                	sw	a4,4(a5)
 28e:	43d8                	lw	a4,4(a5)
 290:	8f75                	and	a4,a4,a3
 292:	c3d8                	sw	a4,4(a5)
 294:	43d8                	lw	a4,4(a5)
 296:	66c1                	lui	a3,0x10
 298:	8f55                	or	a4,a4,a3
 29a:	c3d8                	sw	a4,4(a5)
 29c:	4398                	lw	a4,0(a5)
 29e:	010006b7          	lui	a3,0x1000
 2a2:	8f55                	or	a4,a4,a3
 2a4:	c398                	sw	a4,0(a5)
 2a6:	4398                	lw	a4,0(a5)
 2a8:	00671693          	slli	a3,a4,0x6
 2ac:	fe06dde3          	bgez	a3,2a6 <SystemInit+0xd0>
 2b0:	43d8                	lw	a4,4(a5)
 2b2:	400216b7          	lui	a3,0x40021
 2b6:	9b71                	andi	a4,a4,-4
 2b8:	c3d8                	sw	a4,4(a5)
 2ba:	43d8                	lw	a4,4(a5)
 2bc:	00276713          	ori	a4,a4,2
 2c0:	c3d8                	sw	a4,4(a5)
 2c2:	4721                	li	a4,8
 2c4:	42dc                	lw	a5,4(a3)
 2c6:	8bb1                	andi	a5,a5,12
 2c8:	fee79ee3          	bne	a5,a4,2c4 <SystemInit+0xee>
 2cc:	0121                	addi	sp,sp,8
 2ce:	8082                	ret
 2d0:	c202                	sw	zero,4(sp)
 2d2:	bf59                	j	268 <SystemInit+0x92>
 2d4:	a001                	j	2d4 <SystemInit+0xfe>
 2d6:	a001                	j	2d6 <SystemInit+0x100>

000002d8 <SysTick_Handler>:
 2d8:	a001                	j	2d8 <SysTick_Handler>

000002da <SW_Handler>:
 2da:	a001                	j	2da <SW_Handler>

000002dc <WWDG_IRQHandler>:
 2dc:	a001                	j	2dc <WWDG_IRQHandler>

000002de <PVD_IRQHandler>:
 2de:	a001                	j	2de <PVD_IRQHandler>

000002e0 <FLASH_IRQHandler>:
 2e0:	a001                	j	2e0 <FLASH_IRQHandler>

000002e2 <RCC_IRQHandler>:
 2e2:	a001                	j	2e2 <RCC_IRQHandler>

000002e4 <EXTI7_0_IRQHandler>:
 2e4:	a001                	j	2e4 <EXTI7_0_IRQHandler>

000002e6 <AWU_IRQHandler>:
 2e6:	a001                	j	2e6 <AWU_IRQHandler>

000002e8 <DMA1_Channel1_IRQHandler>:
 2e8:	a001                	j	2e8 <DMA1_Channel1_IRQHandler>

000002ea <DMA1_Channel2_IRQHandler>:
 2ea:	a001                	j	2ea <DMA1_Channel2_IRQHandler>

000002ec <DMA1_Channel3_IRQHandler>:
 2ec:	a001                	j	2ec <DMA1_Channel3_IRQHandler>

000002ee <DMA1_Channel4_IRQHandler>:
 2ee:	a001                	j	2ee <DMA1_Channel4_IRQHandler>

000002f0 <DMA1_Channel5_IRQHandler>:
 2f0:	a001                	j	2f0 <DMA1_Channel5_IRQHandler>

000002f2 <DMA1_Channel6_IRQHandler>:
 2f2:	a001                	j	2f2 <DMA1_Channel6_IRQHandler>

000002f4 <DMA1_Channel7_IRQHandler>:
 2f4:	a001                	j	2f4 <DMA1_Channel7_IRQHandler>

000002f6 <ADC1_IRQHandler>:
 2f6:	a001                	j	2f6 <ADC1_IRQHandler>

000002f8 <I2C1_EV_IRQHandler>:
 2f8:	a001                	j	2f8 <I2C1_EV_IRQHandler>

000002fa <I2C1_ER_IRQHandler>:
 2fa:	a001                	j	2fa <I2C1_ER_IRQHandler>

000002fc <USART1_IRQHandler>:
 2fc:	a001                	j	2fc <USART1_IRQHandler>

000002fe <SPI1_IRQHandler>:
 2fe:	a001                	j	2fe <SPI1_IRQHandler>

00000300 <TIM1_BRK_IRQHandler>:
 300:	a001                	j	300 <TIM1_BRK_IRQHandler>

00000302 <TIM1_UP_IRQHandler>:
 302:	a001                	j	302 <TIM1_UP_IRQHandler>

00000304 <TIM1_TRG_COM_IRQHandler>:
 304:	a001                	j	304 <TIM1_TRG_COM_IRQHandler>

00000306 <TIM1_CC_IRQHandler>:
 306:	a001                	j	306 <TIM1_CC_IRQHandler>

00000308 <TIM2_IRQHandler>:
 308:	a001                	j	308 <TIM2_IRQHandler>

0000030a <handle_reset>:
 30a:	20000197          	auipc	gp,0x20000
 30e:	51e18193          	addi	gp,gp,1310 # 20000828 <__global_pointer$>
 312:	fd818113          	addi	sp,gp,-40 # 20000800 <_eusrstack>
 316:	00001517          	auipc	a0,0x1
 31a:	a3650513          	addi	a0,a0,-1482 # d4c <_data_lma>
 31e:	20000597          	auipc	a1,0x20000
 322:	ce258593          	addi	a1,a1,-798 # 20000000 <_data_vma>
 326:	20000617          	auipc	a2,0x20000
 32a:	d0260613          	addi	a2,a2,-766 # 20000028 <_edata>
 32e:	00c5fa63          	bgeu	a1,a2,342 <handle_reset+0x38>
 332:	00052283          	lw	t0,0(a0)
 336:	0055a023          	sw	t0,0(a1)
 33a:	0511                	addi	a0,a0,4
 33c:	0591                	addi	a1,a1,4
 33e:	fec5eae3          	bltu	a1,a2,332 <handle_reset+0x28>
 342:	20000517          	auipc	a0,0x20000
 346:	ce650513          	addi	a0,a0,-794 # 20000028 <_edata>
 34a:	80818593          	addi	a1,gp,-2040 # 20000030 <_ebss>
 34e:	00b57763          	bgeu	a0,a1,35c <handle_reset+0x52>
 352:	00052023          	sw	zero,0(a0)
 356:	0511                	addi	a0,a0,4
 358:	feb56de3          	bltu	a0,a1,352 <handle_reset+0x48>
 35c:	08000293          	li	t0,128
 360:	30029073          	csrw	mstatus,t0
 364:	428d                	li	t0,3
 366:	80429073          	csrw	0x804,t0
 36a:	00000297          	auipc	t0,0x0
 36e:	c9628293          	addi	t0,t0,-874 # 0 <_sinit>
 372:	0032e293          	ori	t0,t0,3
 376:	30529073          	csrw	mtvec,t0
 37a:	e5dff0ef          	jal	ra,1d6 <SystemInit>
 37e:	00000297          	auipc	t0,0x0
 382:	e0228293          	addi	t0,t0,-510 # 180 <main>
 386:	34129073          	csrw	mepc,t0
 38a:	30200073          	mret

0000038e <GPIO_Init>:
 38e:	459c                	lw	a5,8(a1)
 390:	1161                	addi	sp,sp,-8
 392:	c222                	sw	s0,4(sp)
 394:	c026                	sw	s1,0(sp)
 396:	0107f713          	andi	a4,a5,16
 39a:	00f7f313          	andi	t1,a5,15
 39e:	c701                	beqz	a4,3a6 <GPIO_Init+0x18>
 3a0:	41d8                	lw	a4,4(a1)
 3a2:	00e36333          	or	t1,t1,a4
 3a6:	2192                	lhu	a2,0(a1)
 3a8:	0ff67713          	andi	a4,a2,255
 3ac:	c729                	beqz	a4,3f6 <GPIO_Init+0x68>
 3ae:	00052383          	lw	t2,0(a0)
 3b2:	4701                	li	a4,0
 3b4:	02800413          	li	s0,40
 3b8:	04800493          	li	s1,72
 3bc:	4685                	li	a3,1
 3be:	00e695b3          	sll	a1,a3,a4
 3c2:	00b676b3          	and	a3,a2,a1
 3c6:	02d59263          	bne	a1,a3,3ea <GPIO_Init+0x5c>
 3ca:	00271293          	slli	t0,a4,0x2
 3ce:	46bd                	li	a3,15
 3d0:	005696b3          	sll	a3,a3,t0
 3d4:	fff6c693          	not	a3,a3
 3d8:	0076f3b3          	and	t2,a3,t2
 3dc:	005312b3          	sll	t0,t1,t0
 3e0:	0072e3b3          	or	t2,t0,t2
 3e4:	06879763          	bne	a5,s0,452 <GPIO_Init+0xc4>
 3e8:	c94c                	sw	a1,20(a0)
 3ea:	0705                	addi	a4,a4,1
 3ec:	46a1                	li	a3,8
 3ee:	fcd717e3          	bne	a4,a3,3bc <GPIO_Init+0x2e>
 3f2:	00752023          	sw	t2,0(a0)
 3f6:	0ff00713          	li	a4,255
 3fa:	04c77863          	bgeu	a4,a2,44a <GPIO_Init+0xbc>
 3fe:	00452383          	lw	t2,4(a0)
 402:	46a1                	li	a3,8
 404:	02800413          	li	s0,40
 408:	04800493          	li	s1,72
 40c:	4705                	li	a4,1
 40e:	00d712b3          	sll	t0,a4,a3
 412:	00567733          	and	a4,a2,t0
 416:	02e29463          	bne	t0,a4,43e <GPIO_Init+0xb0>
 41a:	00269713          	slli	a4,a3,0x2
 41e:	1701                	addi	a4,a4,-32
 420:	45bd                	li	a1,15
 422:	00e595b3          	sll	a1,a1,a4
 426:	fff5c593          	not	a1,a1
 42a:	0075f3b3          	and	t2,a1,t2
 42e:	00e31733          	sll	a4,t1,a4
 432:	007763b3          	or	t2,a4,t2
 436:	02879263          	bne	a5,s0,45a <GPIO_Init+0xcc>
 43a:	00552a23          	sw	t0,20(a0)
 43e:	0685                	addi	a3,a3,1
 440:	4741                	li	a4,16
 442:	fce695e3          	bne	a3,a4,40c <GPIO_Init+0x7e>
 446:	00752223          	sw	t2,4(a0)
 44a:	4412                	lw	s0,4(sp)
 44c:	4482                	lw	s1,0(sp)
 44e:	0121                	addi	sp,sp,8
 450:	8082                	ret
 452:	f8979ce3          	bne	a5,s1,3ea <GPIO_Init+0x5c>
 456:	c90c                	sw	a1,16(a0)
 458:	bf49                	j	3ea <GPIO_Init+0x5c>
 45a:	fe9792e3          	bne	a5,s1,43e <GPIO_Init+0xb0>
 45e:	00552823          	sw	t0,16(a0)
 462:	bff1                	j	43e <GPIO_Init+0xb0>

00000464 <GPIO_WriteBit>:
 464:	c219                	beqz	a2,46a <GPIO_WriteBit+0x6>
 466:	c90c                	sw	a1,16(a0)
 468:	8082                	ret
 46a:	c94c                	sw	a1,20(a0)
 46c:	8082                	ret

0000046e <NVIC_PriorityGroupConfig>:
 46e:	200007b7          	lui	a5,0x20000
 472:	02a7a423          	sw	a0,40(a5) # 20000028 <_edata>
 476:	8082                	ret

00000478 <RCC_GetClocksFreq>:
 478:	c29ff2ef          	jal	t0,a0 <__riscv_save_0>
 47c:	40021737          	lui	a4,0x40021
 480:	435c                	lw	a5,4(a4)
 482:	4691                	li	a3,4
 484:	842a                	mv	s0,a0
 486:	8bb1                	andi	a5,a5,12
 488:	00d78563          	beq	a5,a3,492 <RCC_GetClocksFreq+0x1a>
 48c:	46a1                	li	a3,8
 48e:	06d78a63          	beq	a5,a3,502 <RCC_GetClocksFreq+0x8a>
 492:	016e37b7          	lui	a5,0x16e3
 496:	60078793          	addi	a5,a5,1536 # 16e3600 <_data_lma+0x16e28b4>
 49a:	c01c                	sw	a5,0(s0)
 49c:	400216b7          	lui	a3,0x40021
 4a0:	42dc                	lw	a5,4(a3)
 4a2:	8391                	srli	a5,a5,0x4
 4a4:	00f7f713          	andi	a4,a5,15
 4a8:	200007b7          	lui	a5,0x20000
 4ac:	01878793          	addi	a5,a5,24 # 20000018 <APBAHBPrescTable>
 4b0:	97ba                	add	a5,a5,a4
 4b2:	238c                	lbu	a1,0(a5)
 4b4:	42dc                	lw	a5,4(a3)
 4b6:	4018                	lw	a4,0(s0)
 4b8:	0ff5f593          	andi	a1,a1,255
 4bc:	0807f793          	andi	a5,a5,128
 4c0:	00b75533          	srl	a0,a4,a1
 4c4:	e399                	bnez	a5,4ca <RCC_GetClocksFreq+0x52>
 4c6:	853a                	mv	a0,a4
 4c8:	3131                	jal	d4 <__udivsi3>
 4ca:	c048                	sw	a0,4(s0)
 4cc:	c408                	sw	a0,8(s0)
 4ce:	c448                	sw	a0,12(s0)
 4d0:	400217b7          	lui	a5,0x40021
 4d4:	43dc                	lw	a5,4(a5)
 4d6:	83ad                	srli	a5,a5,0xb
 4d8:	8bfd                	andi	a5,a5,31
 4da:	0037d713          	srli	a4,a5,0x3
 4de:	078a                	slli	a5,a5,0x2
 4e0:	8bf1                	andi	a5,a5,28
 4e2:	8fd9                	or	a5,a5,a4
 4e4:	0137f693          	andi	a3,a5,19
 4e8:	470d                	li	a4,3
 4ea:	00d77363          	bgeu	a4,a3,4f0 <RCC_GetClocksFreq+0x78>
 4ee:	17d1                	addi	a5,a5,-12
 4f0:	20000737          	lui	a4,0x20000
 4f4:	00470713          	addi	a4,a4,4 # 20000004 <ADCPrescTable>
 4f8:	97ba                	add	a5,a5,a4
 4fa:	238c                	lbu	a1,0(a5)
 4fc:	3ee1                	jal	d4 <__udivsi3>
 4fe:	c808                	sw	a0,16(s0)
 500:	b66d                	j	aa <__riscv_restore_0>
 502:	435c                	lw	a5,4(a4)
 504:	02dc77b7          	lui	a5,0x2dc7
 508:	c0078793          	addi	a5,a5,-1024 # 2dc6c00 <_data_lma+0x2dc5eb4>
 50c:	b779                	j	49a <RCC_GetClocksFreq+0x22>

0000050e <RCC_APB2PeriphClockCmd>:
 50e:	c599                	beqz	a1,51c <RCC_APB2PeriphClockCmd+0xe>
 510:	40021737          	lui	a4,0x40021
 514:	4f1c                	lw	a5,24(a4)
 516:	8d5d                	or	a0,a0,a5
 518:	cf08                	sw	a0,24(a4)
 51a:	8082                	ret
 51c:	400217b7          	lui	a5,0x40021
 520:	4f98                	lw	a4,24(a5)
 522:	fff54513          	not	a0,a0
 526:	8d79                	and	a0,a0,a4
 528:	cf88                	sw	a0,24(a5)
 52a:	8082                	ret

0000052c <USART_Init>:
 52c:	b75ff2ef          	jal	t0,a0 <__riscv_save_0>
 530:	2916                	lhu	a3,16(a0)
 532:	77f5                	lui	a5,0xffffd
 534:	17fd                	addi	a5,a5,-1
 536:	8ff5                	and	a5,a5,a3
 538:	21f6                	lhu	a3,6(a1)
 53a:	25da                	lhu	a4,12(a1)
 53c:	1121                	addi	sp,sp,-24
 53e:	8fd5                	or	a5,a5,a3
 540:	a91e                	sh	a5,16(a0)
 542:	2556                	lhu	a3,12(a0)
 544:	77fd                	lui	a5,0xfffff
 546:	9f378793          	addi	a5,a5,-1549 # ffffe9f3 <__global_pointer$+0xdfffe1cb>
 54a:	8ff5                	and	a5,a5,a3
 54c:	21d6                	lhu	a3,4(a1)
 54e:	842a                	mv	s0,a0
 550:	c02e                	sw	a1,0(sp)
 552:	8fd5                	or	a5,a5,a3
 554:	2596                	lhu	a3,8(a1)
 556:	8fd5                	or	a5,a5,a3
 558:	25b6                	lhu	a3,10(a1)
 55a:	8fd5                	or	a5,a5,a3
 55c:	a55e                	sh	a5,12(a0)
 55e:	295e                	lhu	a5,20(a0)
 560:	07c2                	slli	a5,a5,0x10
 562:	83c1                	srli	a5,a5,0x10
 564:	cff7f793          	andi	a5,a5,-769
 568:	8f5d                	or	a4,a4,a5
 56a:	a95a                	sh	a4,20(a0)
 56c:	0048                	addi	a0,sp,4
 56e:	3729                	jal	478 <RCC_GetClocksFreq>
 570:	400147b7          	lui	a5,0x40014
 574:	80078793          	addi	a5,a5,-2048 # 40013800 <__global_pointer$+0x20012fd8>
 578:	4582                	lw	a1,0(sp)
 57a:	04f41d63          	bne	s0,a5,5d4 <USART_Init+0xa8>
 57e:	47c2                	lw	a5,16(sp)
 580:	245a                	lhu	a4,12(s0)
 582:	00179513          	slli	a0,a5,0x1
 586:	953e                	add	a0,a0,a5
 588:	0742                	slli	a4,a4,0x10
 58a:	050e                	slli	a0,a0,0x3
 58c:	8741                	srai	a4,a4,0x10
 58e:	953e                	add	a0,a0,a5
 590:	418c                	lw	a1,0(a1)
 592:	04075363          	bgez	a4,5d8 <USART_Init+0xac>
 596:	0586                	slli	a1,a1,0x1
 598:	3e35                	jal	d4 <__udivsi3>
 59a:	06400593          	li	a1,100
 59e:	c02a                	sw	a0,0(sp)
 5a0:	3e15                	jal	d4 <__udivsi3>
 5a2:	4782                	lw	a5,0(sp)
 5a4:	00451493          	slli	s1,a0,0x4
 5a8:	06400593          	li	a1,100
 5ac:	853e                	mv	a0,a5
 5ae:	3e89                	jal	100 <__umodsi3>
 5b0:	245e                	lhu	a5,12(s0)
 5b2:	07c2                	slli	a5,a5,0x10
 5b4:	87c1                	srai	a5,a5,0x10
 5b6:	0207d363          	bgez	a5,5dc <USART_Init+0xb0>
 5ba:	050e                	slli	a0,a0,0x3
 5bc:	06400593          	li	a1,100
 5c0:	03250513          	addi	a0,a0,50
 5c4:	3e01                	jal	d4 <__udivsi3>
 5c6:	891d                	andi	a0,a0,7
 5c8:	8cc9                	or	s1,s1,a0
 5ca:	04c2                	slli	s1,s1,0x10
 5cc:	80c1                	srli	s1,s1,0x10
 5ce:	a406                	sh	s1,8(s0)
 5d0:	0161                	addi	sp,sp,24
 5d2:	bce1                	j	aa <__riscv_restore_0>
 5d4:	47b2                	lw	a5,12(sp)
 5d6:	b76d                	j	580 <USART_Init+0x54>
 5d8:	058a                	slli	a1,a1,0x2
 5da:	bf7d                	j	598 <USART_Init+0x6c>
 5dc:	0512                	slli	a0,a0,0x4
 5de:	06400593          	li	a1,100
 5e2:	03250513          	addi	a0,a0,50
 5e6:	34fd                	jal	d4 <__udivsi3>
 5e8:	893d                	andi	a0,a0,15
 5ea:	bff9                	j	5c8 <USART_Init+0x9c>

000005ec <USART_Cmd>:
 5ec:	c591                	beqz	a1,5f8 <USART_Cmd+0xc>
 5ee:	255e                	lhu	a5,12(a0)
 5f0:	6709                	lui	a4,0x2
 5f2:	8fd9                	or	a5,a5,a4
 5f4:	a55e                	sh	a5,12(a0)
 5f6:	8082                	ret
 5f8:	255a                	lhu	a4,12(a0)
 5fa:	77f9                	lui	a5,0xffffe
 5fc:	17fd                	addi	a5,a5,-1
 5fe:	8ff9                	and	a5,a5,a4
 600:	bfd5                	j	5f4 <USART_Cmd+0x8>

00000602 <USART_SendData>:
 602:	1ff5f593          	andi	a1,a1,511
 606:	a14e                	sh	a1,4(a0)
 608:	8082                	ret

0000060a <USART_GetFlagStatus>:
 60a:	210a                	lhu	a0,0(a0)
 60c:	8d6d                	and	a0,a0,a1
 60e:	00a03533          	snez	a0,a0
 612:	8082                	ret

00000614 <Delay_Init>:
 614:	a8dff2ef          	jal	t0,a0 <__riscv_save_0>
 618:	200007b7          	lui	a5,0x20000
 61c:	0007a503          	lw	a0,0(a5) # 20000000 <_data_vma>
 620:	007a15b7          	lui	a1,0x7a1
 624:	20058593          	addi	a1,a1,512 # 7a1200 <_data_lma+0x7a04b4>
 628:	3475                	jal	d4 <__udivsi3>
 62a:	0ff57513          	andi	a0,a0,255
 62e:	200007b7          	lui	a5,0x20000
 632:	02a78723          	sb	a0,46(a5) # 2000002e <p_us>
 636:	00551793          	slli	a5,a0,0x5
 63a:	8f89                	sub	a5,a5,a0
 63c:	078a                	slli	a5,a5,0x2
 63e:	953e                	add	a0,a0,a5
 640:	050e                	slli	a0,a0,0x3
 642:	200007b7          	lui	a5,0x20000
 646:	02a79623          	sh	a0,44(a5) # 2000002c <p_ms>
 64a:	b485                	j	aa <__riscv_restore_0>

0000064c <Delay_Ms>:
 64c:	a55ff2ef          	jal	t0,a0 <__riscv_save_0>
 650:	e000f437          	lui	s0,0xe000f
 654:	405c                	lw	a5,4(s0)
 656:	85aa                	mv	a1,a0
 658:	9bf9                	andi	a5,a5,-2
 65a:	c05c                	sw	a5,4(s0)
 65c:	200007b7          	lui	a5,0x20000
 660:	02c7d503          	lhu	a0,44(a5) # 2000002c <p_ms>
 664:	3c81                	jal	b4 <__mulsi3>
 666:	c808                	sw	a0,16(s0)
 668:	00042423          	sw	zero,8(s0) # e000f008 <__global_pointer$+0xc000e7e0>
 66c:	401c                	lw	a5,0(s0)
 66e:	0017e793          	ori	a5,a5,1
 672:	c01c                	sw	a5,0(s0)
 674:	e000f7b7          	lui	a5,0xe000f
 678:	43d8                	lw	a4,4(a5)
 67a:	8b05                	andi	a4,a4,1
 67c:	df75                	beqz	a4,678 <Delay_Ms+0x2c>
 67e:	4398                	lw	a4,0(a5)
 680:	9b79                	andi	a4,a4,-2
 682:	c398                	sw	a4,0(a5)
 684:	b41d                	j	aa <__riscv_restore_0>

00000686 <USART_Printf_Init>:
 686:	a1bff2ef          	jal	t0,a0 <__riscv_save_0>
 68a:	842a                	mv	s0,a0
 68c:	6511                	lui	a0,0x4
 68e:	1111                	addi	sp,sp,-28
 690:	4585                	li	a1,1
 692:	02050513          	addi	a0,a0,32 # 4020 <_data_lma+0x32d4>
 696:	3da5                	jal	50e <RCC_APB2PeriphClockCmd>
 698:	02000793          	li	a5,32
 69c:	807c                	sh	a5,0(sp)
 69e:	40011537          	lui	a0,0x40011
 6a2:	478d                	li	a5,3
 6a4:	c23e                	sw	a5,4(sp)
 6a6:	858a                	mv	a1,sp
 6a8:	47e1                	li	a5,24
 6aa:	40050513          	addi	a0,a0,1024 # 40011400 <__global_pointer$+0x20010bd8>
 6ae:	c43e                	sw	a5,8(sp)
 6b0:	39f9                	jal	38e <GPIO_Init>
 6b2:	c622                	sw	s0,12(sp)
 6b4:	40014437          	lui	s0,0x40014
 6b8:	000807b7          	lui	a5,0x80
 6bc:	006c                	addi	a1,sp,12
 6be:	80040513          	addi	a0,s0,-2048 # 40013800 <__global_pointer$+0x20012fd8>
 6c2:	ca3e                	sw	a5,20(sp)
 6c4:	c802                	sw	zero,16(sp)
 6c6:	00011c23          	sh	zero,24(sp)
 6ca:	358d                	jal	52c <USART_Init>
 6cc:	4585                	li	a1,1
 6ce:	80040513          	addi	a0,s0,-2048
 6d2:	3f29                	jal	5ec <USART_Cmd>
 6d4:	0171                	addi	sp,sp,28
 6d6:	bad1                	j	aa <__riscv_restore_0>

000006d8 <_write>:
 6d8:	9c9ff2ef          	jal	t0,a0 <__riscv_save_0>
 6dc:	1171                	addi	sp,sp,-4
 6de:	84ae                	mv	s1,a1
 6e0:	4401                	li	s0,0
 6e2:	02c45d63          	bge	s0,a2,71c <_write+0x44>
 6e6:	400147b7          	lui	a5,0x40014
 6ea:	80078713          	addi	a4,a5,-2048 # 40013800 <__global_pointer$+0x20012fd8>
 6ee:	853a                	mv	a0,a4
 6f0:	04000593          	li	a1,64
 6f4:	c032                	sw	a2,0(sp)
 6f6:	3f11                	jal	60a <USART_GetFlagStatus>
 6f8:	400147b7          	lui	a5,0x40014
 6fc:	80078713          	addi	a4,a5,-2048 # 40013800 <__global_pointer$+0x20012fd8>
 700:	4602                	lw	a2,0(sp)
 702:	d575                	beqz	a0,6ee <_write+0x16>
 704:	00848733          	add	a4,s1,s0
 708:	00070583          	lb	a1,0(a4) # 2000 <_data_lma+0x12b4>
 70c:	80078513          	addi	a0,a5,-2048
 710:	0405                	addi	s0,s0,1
 712:	05c2                	slli	a1,a1,0x10
 714:	81c1                	srli	a1,a1,0x10
 716:	35f5                	jal	602 <USART_SendData>
 718:	4602                	lw	a2,0(sp)
 71a:	b7e1                	j	6e2 <_write+0xa>
 71c:	8532                	mv	a0,a2
 71e:	0111                	addi	sp,sp,4
 720:	b269                	j	aa <__riscv_restore_0>

00000722 <printchar>:
 722:	1141                	addi	sp,sp,-16
 724:	c606                	sw	ra,12(sp)
 726:	c02e                	sw	a1,0(sp)
 728:	cd0d                	beqz	a0,762 <printchar+0x40>
 72a:	4118                	lw	a4,0(a0)
 72c:	87aa                	mv	a5,a0
 72e:	c305                	beqz	a4,74e <printchar+0x2c>
 730:	4158                	lw	a4,4(a0)
 732:	557d                	li	a0,-1
 734:	cb11                	beqz	a4,748 <printchar+0x26>
 736:	4685                	li	a3,1
 738:	00d71b63          	bne	a4,a3,74e <printchar+0x2c>
 73c:	4798                	lw	a4,8(a5)
 73e:	00070023          	sb	zero,0(a4)
 742:	0007a223          	sw	zero,4(a5)
 746:	4505                	li	a0,1
 748:	40b2                	lw	ra,12(sp)
 74a:	0141                	addi	sp,sp,16
 74c:	8082                	ret
 74e:	4798                	lw	a4,8(a5)
 750:	4682                	lw	a3,0(sp)
 752:	a314                	sb	a3,0(a4)
 754:	4798                	lw	a4,8(a5)
 756:	0705                	addi	a4,a4,1
 758:	c798                	sw	a4,8(a5)
 75a:	43d8                	lw	a4,4(a5)
 75c:	177d                	addi	a4,a4,-1
 75e:	c3d8                	sw	a4,4(a5)
 760:	b7dd                	j	746 <printchar+0x24>
 762:	4605                	li	a2,1
 764:	858a                	mv	a1,sp
 766:	3f8d                	jal	6d8 <_write>
 768:	bff9                	j	746 <printchar+0x24>

0000076a <prints>:
 76a:	1101                	addi	sp,sp,-32
 76c:	cc22                	sw	s0,24(sp)
 76e:	c22e                	sw	a1,4(sp)
 770:	ce06                	sw	ra,28(sp)
 772:	ca26                	sw	s1,20(sp)
 774:	842a                	mv	s0,a0
 776:	4781                	li	a5,0
 778:	02000593          	li	a1,32
 77c:	02064563          	bltz	a2,7a6 <prints+0x3c>
 780:	4592                	lw	a1,4(sp)
 782:	95be                	add	a1,a1,a5
 784:	00058583          	lb	a1,0(a1)
 788:	e58d                	bnez	a1,7b2 <prints+0x48>
 78a:	02c7d863          	bge	a5,a2,7ba <prints+0x50>
 78e:	02e7d463          	bge	a5,a4,7b6 <prints+0x4c>
 792:	8e19                	sub	a2,a2,a4
 794:	02000513          	li	a0,32
 798:	0026f593          	andi	a1,a3,2
 79c:	c02a                	sw	a0,0(sp)
 79e:	c589                	beqz	a1,7a8 <prints+0x3e>
 7a0:	e701                	bnez	a4,7a8 <prints+0x3e>
 7a2:	03000593          	li	a1,48
 7a6:	c02e                	sw	a1,0(sp)
 7a8:	8a85                	andi	a3,a3,1
 7aa:	4481                	li	s1,0
 7ac:	ea95                	bnez	a3,7e0 <prints+0x76>
 7ae:	84b2                	mv	s1,a2
 7b0:	a00d                	j	7d2 <prints+0x68>
 7b2:	0785                	addi	a5,a5,1
 7b4:	b7f1                	j	780 <prints+0x16>
 7b6:	8e1d                	sub	a2,a2,a5
 7b8:	bff1                	j	794 <prints+0x2a>
 7ba:	4601                	li	a2,0
 7bc:	bfe1                	j	794 <prints+0x2a>
 7be:	4582                	lw	a1,0(sp)
 7c0:	8522                	mv	a0,s0
 7c2:	c83a                	sw	a4,16(sp)
 7c4:	c632                	sw	a2,12(sp)
 7c6:	c43e                	sw	a5,8(sp)
 7c8:	3fa9                	jal	722 <printchar>
 7ca:	47a2                	lw	a5,8(sp)
 7cc:	4632                	lw	a2,12(sp)
 7ce:	4742                	lw	a4,16(sp)
 7d0:	14fd                	addi	s1,s1,-1
 7d2:	fe9046e3          	bgtz	s1,7be <prints+0x54>
 7d6:	84b2                	mv	s1,a2
 7d8:	00065363          	bgez	a2,7de <prints+0x74>
 7dc:	4481                	li	s1,0
 7de:	8e05                	sub	a2,a2,s1
 7e0:	02e7c763          	blt	a5,a4,80e <prints+0xa4>
 7e4:	87a6                	mv	a5,s1
 7e6:	4692                	lw	a3,4(sp)
 7e8:	40978733          	sub	a4,a5,s1
 7ec:	9736                	add	a4,a4,a3
 7ee:	00070583          	lb	a1,0(a4)
 7f2:	ed95                	bnez	a1,82e <prints+0xc4>
 7f4:	84b2                	mv	s1,a2
 7f6:	04904463          	bgtz	s1,83e <prints+0xd4>
 7fa:	00065363          	bgez	a2,800 <prints+0x96>
 7fe:	4601                	li	a2,0
 800:	40f2                	lw	ra,28(sp)
 802:	4462                	lw	s0,24(sp)
 804:	44d2                	lw	s1,20(sp)
 806:	00f60533          	add	a0,a2,a5
 80a:	6105                	addi	sp,sp,32
 80c:	8082                	ret
 80e:	8f1d                	sub	a4,a4,a5
 810:	87ba                	mv	a5,a4
 812:	03000593          	li	a1,48
 816:	8522                	mv	a0,s0
 818:	c832                	sw	a2,16(sp)
 81a:	c63e                	sw	a5,12(sp)
 81c:	c43a                	sw	a4,8(sp)
 81e:	3711                	jal	722 <printchar>
 820:	47b2                	lw	a5,12(sp)
 822:	4722                	lw	a4,8(sp)
 824:	4642                	lw	a2,16(sp)
 826:	17fd                	addi	a5,a5,-1
 828:	f7ed                	bnez	a5,812 <prints+0xa8>
 82a:	94ba                	add	s1,s1,a4
 82c:	bf65                	j	7e4 <prints+0x7a>
 82e:	8522                	mv	a0,s0
 830:	c632                	sw	a2,12(sp)
 832:	c43e                	sw	a5,8(sp)
 834:	35fd                	jal	722 <printchar>
 836:	47a2                	lw	a5,8(sp)
 838:	4632                	lw	a2,12(sp)
 83a:	0785                	addi	a5,a5,1
 83c:	b76d                	j	7e6 <prints+0x7c>
 83e:	4582                	lw	a1,0(sp)
 840:	8522                	mv	a0,s0
 842:	c432                	sw	a2,8(sp)
 844:	c23e                	sw	a5,4(sp)
 846:	3df1                	jal	722 <printchar>
 848:	14fd                	addi	s1,s1,-1
 84a:	4622                	lw	a2,8(sp)
 84c:	4792                	lw	a5,4(sp)
 84e:	b765                	j	7f6 <prints+0x8c>

00000850 <printInt>:
 850:	7139                	addi	sp,sp,-64
 852:	de06                	sw	ra,60(sp)
 854:	dc22                	sw	s0,56(sp)
 856:	da26                	sw	s1,52(sp)
 858:	c23e                	sw	a5,4(sp)
 85a:	8332                	mv	t1,a2
 85c:	863a                	mv	a2,a4
 85e:	ed89                	bnez	a1,878 <printInt+0x28>
 860:	4692                	lw	a3,4(sp)
 862:	03000793          	li	a5,48
 866:	4701                	li	a4,0
 868:	086c                	addi	a1,sp,28
 86a:	86fc                	sh	a5,28(sp)
 86c:	3dfd                	jal	76a <prints>
 86e:	50f2                	lw	ra,60(sp)
 870:	5462                	lw	s0,56(sp)
 872:	54d2                	lw	s1,52(sp)
 874:	6121                	addi	sp,sp,64
 876:	8082                	ret
 878:	84aa                	mv	s1,a0
 87a:	8436                	mv	s0,a3
 87c:	87ae                	mv	a5,a1
 87e:	ca91                	beqz	a3,892 <printInt+0x42>
 880:	4729                	li	a4,10
 882:	4401                	li	s0,0
 884:	00e31763          	bne	t1,a4,892 <printInt+0x42>
 888:	0005d563          	bgez	a1,892 <printInt+0x42>
 88c:	40b007b3          	neg	a5,a1
 890:	4405                	li	s0,1
 892:	4686                	lw	a3,64(sp)
 894:	020109a3          	sb	zero,51(sp)
 898:	03310713          	addi	a4,sp,51
 89c:	fc668693          	addi	a3,a3,-58 # 40020fc6 <__global_pointer$+0x2002079e>
 8a0:	c436                	sw	a3,8(sp)
 8a2:	859a                	mv	a1,t1
 8a4:	853e                	mv	a0,a5
 8a6:	ca32                	sw	a2,20(sp)
 8a8:	c83a                	sw	a4,16(sp)
 8aa:	c61a                	sw	t1,12(sp)
 8ac:	c03e                	sw	a5,0(sp)
 8ae:	853ff0ef          	jal	ra,100 <__umodsi3>
 8b2:	46a5                	li	a3,9
 8b4:	4782                	lw	a5,0(sp)
 8b6:	4332                	lw	t1,12(sp)
 8b8:	4742                	lw	a4,16(sp)
 8ba:	4652                	lw	a2,20(sp)
 8bc:	00a6d463          	bge	a3,a0,8c4 <printInt+0x74>
 8c0:	46a2                	lw	a3,8(sp)
 8c2:	9536                	add	a0,a0,a3
 8c4:	03050513          	addi	a0,a0,48
 8c8:	fff70693          	addi	a3,a4,-1
 8cc:	fea70fa3          	sb	a0,-1(a4)
 8d0:	859a                	mv	a1,t1
 8d2:	853e                	mv	a0,a5
 8d4:	cc32                	sw	a2,24(sp)
 8d6:	ca3a                	sw	a4,20(sp)
 8d8:	c81a                	sw	t1,16(sp)
 8da:	c63e                	sw	a5,12(sp)
 8dc:	c036                	sw	a3,0(sp)
 8de:	ff6ff0ef          	jal	ra,d4 <__udivsi3>
 8e2:	47b2                	lw	a5,12(sp)
 8e4:	4342                	lw	t1,16(sp)
 8e6:	4752                	lw	a4,20(sp)
 8e8:	4662                	lw	a2,24(sp)
 8ea:	0467f963          	bgeu	a5,t1,93c <printInt+0xec>
 8ee:	cc01                	beqz	s0,906 <printInt+0xb6>
 8f0:	ca29                	beqz	a2,942 <printInt+0xf2>
 8f2:	4792                	lw	a5,4(sp)
 8f4:	8b89                	andi	a5,a5,2
 8f6:	c7b1                	beqz	a5,942 <printInt+0xf2>
 8f8:	02d00593          	li	a1,45
 8fc:	8526                	mv	a0,s1
 8fe:	c432                	sw	a2,8(sp)
 900:	350d                	jal	722 <printchar>
 902:	4622                	lw	a2,8(sp)
 904:	167d                	addi	a2,a2,-1
 906:	4792                	lw	a5,4(sp)
 908:	8b91                	andi	a5,a5,4
 90a:	c395                	beqz	a5,92e <printInt+0xde>
 90c:	4706                	lw	a4,64(sp)
 90e:	06100793          	li	a5,97
 912:	c432                	sw	a2,8(sp)
 914:	03000593          	li	a1,48
 918:	8526                	mv	a0,s1
 91a:	02f71e63          	bne	a4,a5,956 <printInt+0x106>
 91e:	3511                	jal	722 <printchar>
 920:	07800593          	li	a1,120
 924:	8526                	mv	a0,s1
 926:	3bf5                	jal	722 <printchar>
 928:	4622                	lw	a2,8(sp)
 92a:	0409                	addi	s0,s0,2
 92c:	1679                	addi	a2,a2,-2
 92e:	4716                	lw	a4,68(sp)
 930:	4692                	lw	a3,4(sp)
 932:	4582                	lw	a1,0(sp)
 934:	8526                	mv	a0,s1
 936:	3d15                	jal	76a <prints>
 938:	9522                	add	a0,a0,s0
 93a:	bf15                	j	86e <printInt+0x1e>
 93c:	87aa                	mv	a5,a0
 93e:	4702                	lw	a4,0(sp)
 940:	b78d                	j	8a2 <printInt+0x52>
 942:	4682                	lw	a3,0(sp)
 944:	02d00793          	li	a5,45
 948:	4401                	li	s0,0
 94a:	fef68fa3          	sb	a5,-1(a3)
 94e:	ffe70793          	addi	a5,a4,-2
 952:	c03e                	sw	a5,0(sp)
 954:	bf4d                	j	906 <printInt+0xb6>
 956:	33f1                	jal	722 <printchar>
 958:	05800593          	li	a1,88
 95c:	b7e1                	j	924 <printInt+0xd4>

0000095e <printLongLongInt>:
 95e:	4501                	li	a0,0
 960:	8082                	ret

00000962 <printDouble>:
 962:	4501                	li	a0,0
 964:	8082                	ret

00000966 <print>:
 966:	fd810113          	addi	sp,sp,-40
 96a:	d022                	sw	s0,32(sp)
 96c:	ce26                	sw	s1,28(sp)
 96e:	d206                	sw	ra,36(sp)
 970:	c42a                	sw	a0,8(sp)
 972:	82ae                	mv	t0,a1
 974:	8432                	mv	s0,a2
 976:	c602                	sw	zero,12(sp)
 978:	4481                	li	s1,0
 97a:	00028583          	lb	a1,0(t0)
 97e:	ed89                	bnez	a1,998 <print+0x32>
 980:	47a2                	lw	a5,8(sp)
 982:	c781                	beqz	a5,98a <print+0x24>
 984:	4581                	li	a1,0
 986:	853e                	mv	a0,a5
 988:	3b69                	jal	722 <printchar>
 98a:	5092                	lw	ra,36(sp)
 98c:	5402                	lw	s0,32(sp)
 98e:	8526                	mv	a0,s1
 990:	44f2                	lw	s1,28(sp)
 992:	02810113          	addi	sp,sp,40
 996:	8082                	ret
 998:	02500793          	li	a5,37
 99c:	00f58863          	beq	a1,a5,9ac <print+0x46>
 9a0:	4522                	lw	a0,8(sp)
 9a2:	c816                	sw	t0,16(sp)
 9a4:	0485                	addi	s1,s1,1
 9a6:	3bb5                	jal	722 <printchar>
 9a8:	42c2                	lw	t0,16(sp)
 9aa:	a839                	j	9c8 <print+0x62>
 9ac:	00128783          	lb	a5,1(t0)
 9b0:	00128713          	addi	a4,t0,1
 9b4:	00b79c63          	bne	a5,a1,9cc <print+0x66>
 9b8:	4522                	lw	a0,8(sp)
 9ba:	02500593          	li	a1,37
 9be:	c83a                	sw	a4,16(sp)
 9c0:	338d                	jal	722 <printchar>
 9c2:	4742                	lw	a4,16(sp)
 9c4:	0485                	addi	s1,s1,1
 9c6:	82ba                	mv	t0,a4
 9c8:	0285                	addi	t0,t0,1
 9ca:	bf45                	j	97a <print+0x14>
 9cc:	dbd5                	beqz	a5,980 <print+0x1a>
 9ce:	02b00693          	li	a3,43
 9d2:	04d78963          	beq	a5,a3,a24 <print+0xbe>
 9d6:	00f6c863          	blt	a3,a5,9e6 <print+0x80>
 9da:	02300693          	li	a3,35
 9de:	04d78663          	beq	a5,a3,a2a <print+0xc4>
 9e2:	4781                	li	a5,0
 9e4:	a005                	j	a04 <print+0x9e>
 9e6:	02d00693          	li	a3,45
 9ea:	00d78a63          	beq	a5,a3,9fe <print+0x98>
 9ee:	03000693          	li	a3,48
 9f2:	fed798e3          	bne	a5,a3,9e2 <print+0x7c>
 9f6:	00228713          	addi	a4,t0,2
 9fa:	4789                	li	a5,2
 9fc:	a021                	j	a04 <print+0x9e>
 9fe:	00228713          	addi	a4,t0,2
 a02:	4785                	li	a5,1
 a04:	00070683          	lb	a3,0(a4)
 a08:	02b00613          	li	a2,43
 a0c:	04c68363          	beq	a3,a2,a52 <print+0xec>
 a10:	02d64163          	blt	a2,a3,a32 <print+0xcc>
 a14:	02300613          	li	a2,35
 a18:	02c68b63          	beq	a3,a2,a4e <print+0xe8>
 a1c:	82ba                	mv	t0,a4
 a1e:	4501                	li	a0,0
 a20:	46a5                	li	a3,9
 a22:	a081                	j	a62 <print+0xfc>
 a24:	00228713          	addi	a4,t0,2
 a28:	bf6d                	j	9e2 <print+0x7c>
 a2a:	00228713          	addi	a4,t0,2
 a2e:	4791                	li	a5,4
 a30:	bfd1                	j	a04 <print+0x9e>
 a32:	02d00613          	li	a2,45
 a36:	00c68963          	beq	a3,a2,a48 <print+0xe2>
 a3a:	03000613          	li	a2,48
 a3e:	fcc69fe3          	bne	a3,a2,a1c <print+0xb6>
 a42:	0027e793          	ori	a5,a5,2
 a46:	a031                	j	a52 <print+0xec>
 a48:	0705                	addi	a4,a4,1
 a4a:	4785                	li	a5,1
 a4c:	bfc1                	j	a1c <print+0xb6>
 a4e:	0047e793          	ori	a5,a5,4
 a52:	0705                	addi	a4,a4,1
 a54:	b7e1                	j	a1c <print+0xb6>
 a56:	00251613          	slli	a2,a0,0x2
 a5a:	9532                	add	a0,a0,a2
 a5c:	0506                	slli	a0,a0,0x1
 a5e:	953a                	add	a0,a0,a4
 a60:	0285                	addi	t0,t0,1
 a62:	00028603          	lb	a2,0(t0)
 a66:	fd060713          	addi	a4,a2,-48
 a6a:	0ff77593          	andi	a1,a4,255
 a6e:	feb6f4e3          	bgeu	a3,a1,a56 <print+0xf0>
 a72:	02e00713          	li	a4,46
 a76:	4699                	li	a3,6
 a78:	00e61e63          	bne	a2,a4,a94 <print+0x12e>
 a7c:	0285                	addi	t0,t0,1
 a7e:	4681                	li	a3,0
 a80:	45a5                	li	a1,9
 a82:	00028603          	lb	a2,0(t0)
 a86:	fd060613          	addi	a2,a2,-48
 a8a:	0ff67713          	andi	a4,a2,255
 a8e:	02e5f563          	bgeu	a1,a4,ab8 <print+0x152>
 a92:	c636                	sw	a3,12(sp)
 a94:	00028703          	lb	a4,0(t0)
 a98:	06a00613          	li	a2,106
 a9c:	0ac70d63          	beq	a4,a2,b56 <print+0x1f0>
 aa0:	02e64363          	blt	a2,a4,ac6 <print+0x160>
 aa4:	04c00613          	li	a2,76
 aa8:	0ac70763          	beq	a4,a2,b56 <print+0x1f0>
 aac:	06800613          	li	a2,104
 ab0:	08c70c63          	beq	a4,a2,b48 <print+0x1e2>
 ab4:	4581                	li	a1,0
 ab6:	a82d                	j	af0 <print+0x18a>
 ab8:	00269713          	slli	a4,a3,0x2
 abc:	96ba                	add	a3,a3,a4
 abe:	0686                	slli	a3,a3,0x1
 ac0:	96b2                	add	a3,a3,a2
 ac2:	0285                	addi	t0,t0,1
 ac4:	bf7d                	j	a82 <print+0x11c>
 ac6:	07400613          	li	a2,116
 aca:	08c70663          	beq	a4,a2,b56 <print+0x1f0>
 ace:	07a00613          	li	a2,122
 ad2:	08c70263          	beq	a4,a2,b56 <print+0x1f0>
 ad6:	06c00613          	li	a2,108
 ada:	4581                	li	a1,0
 adc:	00c71a63          	bne	a4,a2,af0 <print+0x18a>
 ae0:	00128603          	lb	a2,1(t0)
 ae4:	458d                	li	a1,3
 ae6:	00e61463          	bne	a2,a4,aee <print+0x188>
 aea:	0285                	addi	t0,t0,1
 aec:	4591                	li	a1,4
 aee:	0285                	addi	t0,t0,1
 af0:	00028603          	lb	a2,0(t0)
 af4:	06000393          	li	t2,96
 af8:	06100713          	li	a4,97
 afc:	00c3c463          	blt	t2,a2,b04 <print+0x19e>
 b00:	04100713          	li	a4,65
 b04:	06700393          	li	t2,103
 b08:	06c3c463          	blt	t2,a2,b70 <print+0x20a>
 b0c:	06500393          	li	t2,101
 b10:	18765363          	bge	a2,t2,c96 <print+0x330>
 b14:	04700393          	li	t2,71
 b18:	04c3c163          	blt	t2,a2,b5a <print+0x1f4>
 b1c:	04500593          	li	a1,69
 b20:	16b65b63          	bge	a2,a1,c96 <print+0x330>
 b24:	04300713          	li	a4,67
 b28:	eae610e3          	bne	a2,a4,9c8 <print+0x62>
 b2c:	4018                	lw	a4,0(s0)
 b2e:	00440393          	addi	t2,s0,4
 b32:	ca16                	sw	t0,20(sp)
 b34:	00e10c23          	sb	a4,24(sp)
 b38:	c81e                	sw	t2,16(sp)
 b3a:	00010ca3          	sb	zero,25(sp)
 b3e:	4701                	li	a4,0
 b40:	86be                	mv	a3,a5
 b42:	862a                	mv	a2,a0
 b44:	082c                	addi	a1,sp,24
 b46:	a849                	j	bd8 <print+0x272>
 b48:	00128603          	lb	a2,1(t0)
 b4c:	4581                	li	a1,0
 b4e:	fae611e3          	bne	a2,a4,af0 <print+0x18a>
 b52:	0289                	addi	t0,t0,2
 b54:	bf71                	j	af0 <print+0x18a>
 b56:	0285                	addi	t0,t0,1
 b58:	bfb1                	j	ab4 <print+0x14e>
 b5a:	06300693          	li	a3,99
 b5e:	fcd607e3          	beq	a2,a3,b2c <print+0x1c6>
 b62:	06c6ce63          	blt	a3,a2,bde <print+0x278>
 b66:	05800693          	li	a3,88
 b6a:	02d60363          	beq	a2,a3,b90 <print+0x22a>
 b6e:	bda9                	j	9c8 <print+0x62>
 b70:	07300693          	li	a3,115
 b74:	04d60463          	beq	a2,a3,bbc <print+0x256>
 b78:	02c6cb63          	blt	a3,a2,bae <print+0x248>
 b7c:	06f00693          	li	a3,111
 b80:	0ed60263          	beq	a2,a3,c64 <print+0x2fe>
 b84:	07000693          	li	a3,112
 b88:	0047e793          	ori	a5,a5,4
 b8c:	e2d61ee3          	bne	a2,a3,9c8 <print+0x62>
 b90:	4691                	li	a3,4
 b92:	0ad59f63          	bne	a1,a3,c50 <print+0x2ea>
 b96:	00840393          	addi	t2,s0,8
 b9a:	400c                	lw	a1,0(s0)
 b9c:	4050                	lw	a2,4(s0)
 b9e:	ca16                	sw	t0,20(sp)
 ba0:	c23a                	sw	a4,4(sp)
 ba2:	c03e                	sw	a5,0(sp)
 ba4:	c81e                	sw	t2,16(sp)
 ba6:	87aa                	mv	a5,a0
 ba8:	4701                	li	a4,0
 baa:	46c1                	li	a3,16
 bac:	a0b9                	j	bfa <print+0x294>
 bae:	07500693          	li	a3,117
 bb2:	06d60863          	beq	a2,a3,c22 <print+0x2bc>
 bb6:	07800693          	li	a3,120
 bba:	bf45                	j	b6a <print+0x204>
 bbc:	4018                	lw	a4,0(s0)
 bbe:	000016b7          	lui	a3,0x1
 bc2:	00440393          	addi	t2,s0,4
 bc6:	d4468593          	addi	a1,a3,-700 # d44 <puts+0x6a>
 bca:	c311                	beqz	a4,bce <print+0x268>
 bcc:	85ba                	mv	a1,a4
 bce:	4732                	lw	a4,12(sp)
 bd0:	ca16                	sw	t0,20(sp)
 bd2:	c81e                	sw	t2,16(sp)
 bd4:	86be                	mv	a3,a5
 bd6:	862a                	mv	a2,a0
 bd8:	4522                	lw	a0,8(sp)
 bda:	3e41                	jal	76a <prints>
 bdc:	a00d                	j	bfe <print+0x298>
 bde:	4691                	li	a3,4
 be0:	02d59463          	bne	a1,a3,c08 <print+0x2a2>
 be4:	00840393          	addi	t2,s0,8
 be8:	400c                	lw	a1,0(s0)
 bea:	4050                	lw	a2,4(s0)
 bec:	ca16                	sw	t0,20(sp)
 bee:	c23a                	sw	a4,4(sp)
 bf0:	c03e                	sw	a5,0(sp)
 bf2:	c81e                	sw	t2,16(sp)
 bf4:	87aa                	mv	a5,a0
 bf6:	4705                	li	a4,1
 bf8:	46a9                	li	a3,10
 bfa:	4522                	lw	a0,8(sp)
 bfc:	338d                	jal	95e <printLongLongInt>
 bfe:	43c2                	lw	t2,16(sp)
 c00:	94aa                	add	s1,s1,a0
 c02:	841e                	mv	s0,t2
 c04:	42d2                	lw	t0,20(sp)
 c06:	b3c9                	j	9c8 <print+0x62>
 c08:	46b2                	lw	a3,12(sp)
 c0a:	400c                	lw	a1,0(s0)
 c0c:	c816                	sw	t0,16(sp)
 c0e:	c236                	sw	a3,4(sp)
 c10:	c03a                	sw	a4,0(sp)
 c12:	0411                	addi	s0,s0,4
 c14:	872a                	mv	a4,a0
 c16:	4685                	li	a3,1
 c18:	4629                	li	a2,10
 c1a:	4522                	lw	a0,8(sp)
 c1c:	3915                	jal	850 <printInt>
 c1e:	94aa                	add	s1,s1,a0
 c20:	b361                	j	9a8 <print+0x42>
 c22:	4691                	li	a3,4
 c24:	00d59d63          	bne	a1,a3,c3e <print+0x2d8>
 c28:	00840393          	addi	t2,s0,8
 c2c:	400c                	lw	a1,0(s0)
 c2e:	4050                	lw	a2,4(s0)
 c30:	ca16                	sw	t0,20(sp)
 c32:	c23a                	sw	a4,4(sp)
 c34:	c03e                	sw	a5,0(sp)
 c36:	c81e                	sw	t2,16(sp)
 c38:	87aa                	mv	a5,a0
 c3a:	4701                	li	a4,0
 c3c:	bf75                	j	bf8 <print+0x292>
 c3e:	46b2                	lw	a3,12(sp)
 c40:	400c                	lw	a1,0(s0)
 c42:	c816                	sw	t0,16(sp)
 c44:	c236                	sw	a3,4(sp)
 c46:	c03a                	sw	a4,0(sp)
 c48:	0411                	addi	s0,s0,4
 c4a:	872a                	mv	a4,a0
 c4c:	4681                	li	a3,0
 c4e:	b7e9                	j	c18 <print+0x2b2>
 c50:	46b2                	lw	a3,12(sp)
 c52:	c816                	sw	t0,16(sp)
 c54:	400c                	lw	a1,0(s0)
 c56:	4641                	li	a2,16
 c58:	c236                	sw	a3,4(sp)
 c5a:	c03a                	sw	a4,0(sp)
 c5c:	0411                	addi	s0,s0,4
 c5e:	872a                	mv	a4,a0
 c60:	4681                	li	a3,0
 c62:	bf65                	j	c1a <print+0x2b4>
 c64:	4691                	li	a3,4
 c66:	00d59e63          	bne	a1,a3,c82 <print+0x31c>
 c6a:	00840393          	addi	t2,s0,8
 c6e:	400c                	lw	a1,0(s0)
 c70:	4050                	lw	a2,4(s0)
 c72:	ca16                	sw	t0,20(sp)
 c74:	c23a                	sw	a4,4(sp)
 c76:	c03e                	sw	a5,0(sp)
 c78:	c81e                	sw	t2,16(sp)
 c7a:	87aa                	mv	a5,a0
 c7c:	4701                	li	a4,0
 c7e:	46a1                	li	a3,8
 c80:	bfad                	j	bfa <print+0x294>
 c82:	46b2                	lw	a3,12(sp)
 c84:	400c                	lw	a1,0(s0)
 c86:	c816                	sw	t0,16(sp)
 c88:	c236                	sw	a3,4(sp)
 c8a:	c03a                	sw	a4,0(sp)
 c8c:	0411                	addi	s0,s0,4
 c8e:	872a                	mv	a4,a0
 c90:	4681                	li	a3,0
 c92:	4621                	li	a2,8
 c94:	b759                	j	c1a <print+0x2b4>
 c96:	400c                	lw	a1,0(s0)
 c98:	00840613          	addi	a2,s0,8
 c9c:	4040                	lw	s0,4(s0)
 c9e:	c23a                	sw	a4,4(sp)
 ca0:	872a                	mv	a4,a0
 ca2:	4522                	lw	a0,8(sp)
 ca4:	c832                	sw	a2,16(sp)
 ca6:	c03e                	sw	a5,0(sp)
 ca8:	8622                	mv	a2,s0
 caa:	87b6                	mv	a5,a3
 cac:	46a9                	li	a3,10
 cae:	ca16                	sw	t0,20(sp)
 cb0:	394d                	jal	962 <printDouble>
 cb2:	94aa                	add	s1,s1,a0
 cb4:	4442                	lw	s0,16(sp)
 cb6:	b7b9                	j	c04 <print+0x29e>

00000cb8 <printf>:
 cb8:	fdc10113          	addi	sp,sp,-36
 cbc:	c82e                	sw	a1,16(sp)
 cbe:	ca32                	sw	a2,20(sp)
 cc0:	85aa                	mv	a1,a0
 cc2:	0810                	addi	a2,sp,16
 cc4:	4501                	li	a0,0
 cc6:	c606                	sw	ra,12(sp)
 cc8:	cc36                	sw	a3,24(sp)
 cca:	ce3a                	sw	a4,28(sp)
 ccc:	d03e                	sw	a5,32(sp)
 cce:	c032                	sw	a2,0(sp)
 cd0:	3959                	jal	966 <print>
 cd2:	40b2                	lw	ra,12(sp)
 cd4:	02410113          	addi	sp,sp,36
 cd8:	8082                	ret

00000cda <puts>:
 cda:	1141                	addi	sp,sp,-16
 cdc:	c422                	sw	s0,8(sp)
 cde:	c226                	sw	s1,4(sp)
 ce0:	c606                	sw	ra,12(sp)
 ce2:	211c                	lbu	a5,0(a0)
 ce4:	84aa                	mv	s1,a0
 ce6:	4401                	li	s0,0
 ce8:	81dc                	sb	a5,3(sp)
 cea:	00310783          	lb	a5,3(sp)
 cee:	0405                	addi	s0,s0,1
 cf0:	ef91                	bnez	a5,d0c <puts+0x32>
 cf2:	47a9                	li	a5,10
 cf4:	00310593          	addi	a1,sp,3
 cf8:	4605                	li	a2,1
 cfa:	4501                	li	a0,0
 cfc:	81dc                	sb	a5,3(sp)
 cfe:	3ae9                	jal	6d8 <_write>
 d00:	8522                	mv	a0,s0
 d02:	40b2                	lw	ra,12(sp)
 d04:	4422                	lw	s0,8(sp)
 d06:	4492                	lw	s1,4(sp)
 d08:	0141                	addi	sp,sp,16
 d0a:	8082                	ret
 d0c:	4605                	li	a2,1
 d0e:	00310593          	addi	a1,sp,3
 d12:	4501                	li	a0,0
 d14:	32d1                	jal	6d8 <_write>
 d16:	008487b3          	add	a5,s1,s0
 d1a:	239c                	lbu	a5,0(a5)
 d1c:	81dc                	sb	a5,3(sp)
 d1e:	b7f1                	j	cea <puts+0x10>
 d20:	74737953          	0x74737953
 d24:	6d65                	lui	s10,0x19
 d26:	3a6b6c43          	fmadd.d	fs8,fs6,ft6,ft7,unknown
 d2a:	6425                	lui	s0,0x9
 d2c:	0a0d                	addi	s4,s4,3
 d2e:	0000                	unimp
 d30:	4f495047          	fmsub.q	ft0,fs2,fs4,fs1,unknown
 d34:	5420                	lw	s0,104(s0)
 d36:	6c67676f          	jal	a4,773fc <_data_lma+0x766b0>
 d3a:	2065                	jal	de2 <_data_lma+0x96>
 d3c:	4554                	lw	a3,12(a0)
 d3e:	000d5453          	fadd.s	fs0,fs10,ft0,unknown
 d42:	0000                	unimp
 d44:	6e28                	flw	fa0,88(a2)
 d46:	6c75                	lui	s8,0x1d
 d48:	296c                	lbu	a1,22(a0)
	...
